2. App using Fuzzy Logic/receiving_app2_ert_rtw/receiving_app2/build/intermediates/manifest_merge_blame_file/debug/manifest-merger-blame-debug-report.txt
1<?xml version="1.0" encoding="utf-8"?>
2<manifest xmlns:android="http://schemas.android.com/apk/res/android"
3    package="com.example.receiving_app2"
4    android:versionCode="1"
5    android:versionName="1.0" >
6
7    <uses-sdk
8        android:minSdkVersion="17"
8-->src\main\AndroidManifest.xml
9        android:targetSdkVersion="28" />
9-->src\main\AndroidManifest.xml
10
11    <uses-permission android:name="android.permission.ACCESS_WIFI_STATE" />
11-->src\main\AndroidManifest.xml:10:1-71
11-->src\main\AndroidManifest.xml:10:18-69
12    <uses-permission android:name="android.permission.MODIFY_AUDIO_SETTINGS" />
12-->src\main\AndroidManifest.xml:10:71-145
12-->src\main\AndroidManifest.xml:10:88-143
13    <uses-permission android:name="android.permission.RECORD_AUDIO" />
13-->src\main\AndroidManifest.xml:11:1-66
13-->src\main\AndroidManifest.xml:11:18-64
14    <uses-permission android:name="android.permission.INTERNET" />
14-->src\main\AndroidManifest.xml:12:1-62
14-->src\main\AndroidManifest.xml:12:18-60
15    <uses-permission android:name="android.permission.ACCESS_NETWORK_STATE" />
15-->src\main\AndroidManifest.xml:13:1-74
15-->src\main\AndroidManifest.xml:13:18-72
16
17    <application
17-->src\main\AndroidManifest.xml:2:5-9:19
18        android:appComponentFactory="androidx.core.app.CoreComponentFactory"
18-->[androidx.core:core:1.3.1] AndroidManifest.xml:24:18-86
19        android:debuggable="true"
20        android:icon="@drawable/ic_launcher"
20-->src\main\AndroidManifest.xml:2:18-54
21        android:label="@string/app_name"
21-->src\main\AndroidManifest.xml:2:55-87
22        android:theme="@style/MWAppTheme" >
22-->src\main\AndroidManifest.xml:2:88-121
23        <activity
23-->src\main\AndroidManifest.xml:3:9-8:20
24            android:name="com.example.receiving_app2.receiving_app2"
24-->src\main\AndroidManifest.xml:3:52-81
25            android:configChanges="orientation|screenSize"
25-->src\main\AndroidManifest.xml:3:128-174
26            android:label="@string/app_name"
26-->src\main\AndroidManifest.xml:3:19-51
27            android:theme="@style/MWAppTheme.NoActionBar" >
27-->src\main\AndroidManifest.xml:3:82-127
28            <intent-filter>
28-->src\main\AndroidManifest.xml:4:13-7:29
29                <action android:name="android.intent.action.MAIN" />
29-->src\main\AndroidManifest.xml:5:17-68
29-->src\main\AndroidManifest.xml:5:25-66
30
31                <category android:name="android.intent.category.LAUNCHER" />
31-->src\main\AndroidManifest.xml:6:17-76
31-->src\main\AndroidManifest.xml:6:27-74
32            </intent-filter>
33        </activity>
34    </application>
35
36</manifest>